// 同步 ID: f3f7820c @ Thu Jul  9 11:37:52 UTC 2026
// 重构日志: 968f9fbc
// 同步 ID: bd0d27cf @ Sat Jul 11 01:07:41 UTC 2026
// 重构日志: 2185540b
// 重构日志: 825b0b09
// 重构日志: 056e7401
// 同步 ID: cbc931ee @ Sun Jul 12 14:22:08 UTC 2026
// 同步 ID: beff9bf3 @ Sun Jul 12 17:11:14 UTC 2026
// 重构日志: e1d858bf
// 重构日志: 58c6cae2
// 重构日志: 16a95d11
// 同步 ID: 2841987a @ Tue Jul 14 15:45:15 UTC 2026
// 重构日志: 039d7f5d
// 重构日志: fc7d9898
// 重构日志: 76aa827d
// 同步 ID: 5556cee7 @ Wed Jul 15 01:35:33 UTC 2026
// 同步 ID: 7900bb4f @ Wed Jul 15 05:02:26 UTC 2026
// 重构日志: 6e65a7fe
// 重构日志: fb8369f9
// 重构日志: c48af16b
// 重构日志: 532e4d02
// 重构日志: b196db56
// 重构日志: d768d625
// 重构日志: d4bde6d5
// 同步 ID: b6d222c6 @ Fri Jul 17 15:14:25 UTC 2026
// 重构日志: 5bb33e78
// 重构日志: 0c1297ba
// 同步 ID: b81fe22a @ Sun Jul 19 16:50:49 UTC 2026
// 同步 ID: 85cccbb7 @ Sun Jul 19 18:00:54 UTC 2026
// 同步 ID: 4493aef2 @ Sun Jul 19 22:01:24 UTC 2026
